13-Sep-2021 23:09:47.620 INFO [main] org.apache.catalina.startup.VersionLoggerListener.log Server version name:   Apache Tomcat/9.0.46
13-Sep-2021 23:09:47.625 INFO [main] org.apache.catalina.startup.VersionLoggerListener.log Server built:          May 8 2021 17:35:52 UTC
13-Sep-2021 23:09:47.626 INFO [main] org.apache.catalina.startup.VersionLoggerListener.log Server version number: 9.0.46.0
13-Sep-2021 23:09:47.626 INFO [main] org.apache.catalina.startup.VersionLoggerListener.log OS Name:               Windows 10
13-Sep-2021 23:09:47.627 INFO [main] org.apache.catalina.startup.VersionLoggerListener.log OS Version:            10.0
13-Sep-2021 23:09:47.627 INFO [main] org.apache.catalina.startup.VersionLoggerListener.log Architecture:          amd64
13-Sep-2021 23:09:47.627 INFO [main] org.apache.catalina.startup.VersionLoggerListener.log Java Home:             C:\Users\CT030408\.jdks\corretto-11.0.12
13-Sep-2021 23:09:47.627 INFO [main] org.apache.catalina.startup.VersionLoggerListener.log JVM Version:           11.0.12+7-LTS
13-Sep-2021 23:09:47.630 INFO [main] org.apache.catalina.startup.VersionLoggerListener.log JVM Vendor:            Amazon.com Inc.
13-Sep-2021 23:09:47.631 INFO [main] org.apache.catalina.startup.VersionLoggerListener.log CATALINA_BASE:         D:\phimmoi\apache-tomcat-9.0.46
13-Sep-2021 23:09:47.633 INFO [main] org.apache.catalina.startup.VersionLoggerListener.log CATALINA_HOME:         D:\phimmoi\apache-tomcat-9.0.46
13-Sep-2021 23:09:47.664 INFO [main] org.apache.catalina.startup.VersionLoggerListener.log Command line argument: --add-opens=java.base/java.lang=ALL-UNNAMED
13-Sep-2021 23:09:47.665 INFO [main] org.apache.catalina.startup.VersionLoggerListener.log Command line argument: --add-opens=java.base/java.io=ALL-UNNAMED
13-Sep-2021 23:09:47.665 INFO [main] org.apache.catalina.startup.VersionLoggerListener.log Command line argument: --add-opens=java.base/java.util=ALL-UNNAMED
13-Sep-2021 23:09:47.665 INFO [main] org.apache.catalina.startup.VersionLoggerListener.log Command line argument: --add-opens=java.base/java.util.concurrent=ALL-UNNAMED
13-Sep-2021 23:09:47.666 INFO [main] org.apache.catalina.startup.VersionLoggerListener.log Command line argument: --add-opens=java.rmi/sun.rmi.transport=ALL-UNNAMED
13-Sep-2021 23:09:47.667 INFO [main] org.apache.catalina.startup.VersionLoggerListener.log Command line argument: -Djava.util.logging.config.file=D:\phimmoi\apache-tomcat-9.0.46\conf\logging.properties
13-Sep-2021 23:09:47.668 INFO [main] org.apache.catalina.startup.VersionLoggerListener.log Command line argument: -Djava.util.logging.manager=org.apache.juli.ClassLoaderLogManager
13-Sep-2021 23:09:47.668 INFO [main] org.apache.catalina.startup.VersionLoggerListener.log Command line argument: -Djdk.tls.ephemeralDHKeySize=2048
13-Sep-2021 23:09:47.668 INFO [main] org.apache.catalina.startup.VersionLoggerListener.log Command line argument: -Djava.protocol.handler.pkgs=org.apache.catalina.webresources
13-Sep-2021 23:09:47.669 INFO [main] org.apache.catalina.startup.VersionLoggerListener.log Command line argument: -Dignore.endorsed.dirs=
13-Sep-2021 23:09:47.669 INFO [main] org.apache.catalina.startup.VersionLoggerListener.log Command line argument: -Dcatalina.base=D:\phimmoi\apache-tomcat-9.0.46
13-Sep-2021 23:09:47.670 INFO [main] org.apache.catalina.startup.VersionLoggerListener.log Command line argument: -Dcatalina.home=D:\phimmoi\apache-tomcat-9.0.46
13-Sep-2021 23:09:47.670 INFO [main] org.apache.catalina.startup.VersionLoggerListener.log Command line argument: -Djava.io.tmpdir=D:\phimmoi\apache-tomcat-9.0.46\temp
13-Sep-2021 23:09:47.676 INFO [main] org.apache.catalina.core.AprLifecycleListener.lifecycleEvent The Apache Tomcat Native library which allows using OpenSSL was not found on the java.library.path: [C:\Users\CT030408\.jdks\corretto-11.0.12\bin;C:\Windows\Sun\Java\bin;C:\Windows\system32;C:\Windows;C:\Windows\system32;C:\Windows;C:\Windows\System32\Wbem;C:\Windows\System32\WindowsPowerShell\v1.0\;C:\Windows\System32\OpenSSH\;E:\Applications\Git\Install\Git\cmd;C:\Users\CT030408\.jdks\corretto-11.0.12\bin;C:\Program Files\MySQL\MySQL Shell 8.0\bin\;C:\Users\CT030408\AppData\Local\Microsoft\WindowsApps;;E:\Applications\Intellij\Install\IntelliJ IDEA 2021.1.3\bin;;E:\Applications\Heroku\Install\heroku\bin;E:\Applications\VSCode\Install\Microsoft VS Code\bin;.]
13-Sep-2021 23:09:48.540 INFO [main] org.apache.coyote.AbstractProtocol.init Initializing ProtocolHandler ["http-nio-8080"]
13-Sep-2021 23:09:48.885 INFO [main] org.apache.coyote.AbstractProtocol.init Initializing ProtocolHandler ["https-jsse-nio-8443"]
13-Sep-2021 23:09:49.778 INFO [main] org.apache.catalina.startup.Catalina.load Server initialization in [2565] milliseconds
13-Sep-2021 23:09:50.008 INFO [main] org.apache.catalina.core.StandardService.startInternal Starting service [Catalina]
13-Sep-2021 23:09:50.030 INFO [main] org.apache.catalina.core.StandardEngine.startInternal Starting Servlet engine: [Apache Tomcat/9.0.46]
13-Sep-2021 23:09:50.106 INFO [main] org.apache.catalina.startup.HostConfig.deployWAR Deploying web application archive [D:\phimmoi\apache-tomcat-9.0.46\webapps\phimmoi.war]
13-Sep-2021 23:09:50.163 INFO [main] org.apache.catalina.startup.ExpandWar.expand An expanded directory [D:\phimmoi\apache-tomcat-9.0.46\webapps\phimmoi] was found with a last modified time that did not match the associated WAR. It will be deleted.
13-Sep-2021 23:09:52.702 INFO [main] org.apache.jasper.servlet.TldScanner.scanJars At least one JAR was scanned for TLDs yet contained no TLDs. Enable debug logging for this logger for a complete list of JARs that were scanned but no TLDs were found in them. Skipping unneeded JARs during scanning can improve startup time and JSP compilation time.
13-Sep-2021 23:09:52.952 WARNING [main] org.apache.catalina.util.SessionIdGeneratorBase.createSecureRandom Creation of SecureRandom instance for session ID generation using [SHA1PRNG] took [183] milliseconds.
13-Sep-2021 23:09:52.988 INFO [main] org.apache.catalina.startup.HostConfig.deployWAR Deployment of web application archive [D:\phimmoi\apache-tomcat-9.0.46\webapps\phimmoi.war] has finished in [2,883] ms
13-Sep-2021 23:09:52.989 INFO [main] org.apache.catalina.startup.HostConfig.deployDirectory Deploying web application directory [D:\phimmoi\apache-tomcat-9.0.46\webapps\docs]
13-Sep-2021 23:09:53.029 INFO [main] org.apache.catalina.startup.HostConfig.deployDirectory Deployment of web application directory [D:\phimmoi\apache-tomcat-9.0.46\webapps\docs] has finished in [40] ms
13-Sep-2021 23:09:53.030 INFO [main] org.apache.catalina.startup.HostConfig.deployDirectory Deploying web application directory [D:\phimmoi\apache-tomcat-9.0.46\webapps\examples]
13-Sep-2021 23:09:54.469 INFO [main] org.apache.catalina.startup.HostConfig.deployDirectory Deployment of web application directory [D:\phimmoi\apache-tomcat-9.0.46\webapps\examples] has finished in [1,439] ms
13-Sep-2021 23:09:54.471 INFO [main] org.apache.catalina.startup.HostConfig.deployDirectory Deploying web application directory [D:\phimmoi\apache-tomcat-9.0.46\webapps\host-manager]
13-Sep-2021 23:09:54.563 INFO [main] org.apache.catalina.startup.HostConfig.deployDirectory Deployment of web application directory [D:\phimmoi\apache-tomcat-9.0.46\webapps\host-manager] has finished in [92] ms
13-Sep-2021 23:09:54.564 INFO [main] org.apache.catalina.startup.HostConfig.deployDirectory Deploying web application directory [D:\phimmoi\apache-tomcat-9.0.46\webapps\manager]
13-Sep-2021 23:09:54.667 INFO [main] org.apache.catalina.startup.HostConfig.deployDirectory Deployment of web application directory [D:\phimmoi\apache-tomcat-9.0.46\webapps\manager] has finished in [102] ms
13-Sep-2021 23:09:54.669 INFO [main] org.apache.catalina.startup.HostConfig.deployDirectory Deploying web application directory [D:\phimmoi\apache-tomcat-9.0.46\webapps\ROOT]
13-Sep-2021 23:09:54.744 INFO [main] org.apache.catalina.startup.HostConfig.deployDirectory Deployment of web application directory [D:\phimmoi\apache-tomcat-9.0.46\webapps\ROOT] has finished in [74] ms
13-Sep-2021 23:09:54.757 INFO [main] org.apache.coyote.AbstractProtocol.start Starting ProtocolHandler ["http-nio-8080"]
13-Sep-2021 23:09:54.782 INFO [main] org.apache.coyote.AbstractProtocol.start Starting ProtocolHandler ["https-jsse-nio-8443"]
13-Sep-2021 23:09:54.790 INFO [main] org.apache.catalina.startup.Catalina.start Server startup in [5011] milliseconds
