17-Sep-2021 21:23:54.619 INFO [main] org.apache.catalina.startup.VersionLoggerListener.log Server version name:   Apache Tomcat/9.0.46
17-Sep-2021 21:23:54.624 INFO [main] org.apache.catalina.startup.VersionLoggerListener.log Server built:          May 8 2021 17:35:52 UTC
17-Sep-2021 21:23:54.625 INFO [main] org.apache.catalina.startup.VersionLoggerListener.log Server version number: 9.0.46.0
17-Sep-2021 21:23:54.625 INFO [main] org.apache.catalina.startup.VersionLoggerListener.log OS Name:               Windows 10
17-Sep-2021 21:23:54.626 INFO [main] org.apache.catalina.startup.VersionLoggerListener.log OS Version:            10.0
17-Sep-2021 21:23:54.626 INFO [main] org.apache.catalina.startup.VersionLoggerListener.log Architecture:          amd64
17-Sep-2021 21:23:54.626 INFO [main] org.apache.catalina.startup.VersionLoggerListener.log Java Home:             C:\Users\CT030408\.jdks\corretto-11.0.12
17-Sep-2021 21:23:54.626 INFO [main] org.apache.catalina.startup.VersionLoggerListener.log JVM Version:           11.0.12+7-LTS
17-Sep-2021 21:23:54.629 INFO [main] org.apache.catalina.startup.VersionLoggerListener.log JVM Vendor:            Amazon.com Inc.
17-Sep-2021 21:23:54.629 INFO [main] org.apache.catalina.startup.VersionLoggerListener.log CATALINA_BASE:         D:\phimmoi\apache-tomcat-9.0.46
17-Sep-2021 21:23:54.629 INFO [main] org.apache.catalina.startup.VersionLoggerListener.log CATALINA_HOME:         D:\phimmoi\apache-tomcat-9.0.46
17-Sep-2021 21:23:54.648 INFO [main] org.apache.catalina.startup.VersionLoggerListener.log Command line argument: --add-opens=java.base/java.lang=ALL-UNNAMED
17-Sep-2021 21:23:54.649 INFO [main] org.apache.catalina.startup.VersionLoggerListener.log Command line argument: --add-opens=java.base/java.io=ALL-UNNAMED
17-Sep-2021 21:23:54.649 INFO [main] org.apache.catalina.startup.VersionLoggerListener.log Command line argument: --add-opens=java.base/java.util=ALL-UNNAMED
17-Sep-2021 21:23:54.650 INFO [main] org.apache.catalina.startup.VersionLoggerListener.log Command line argument: --add-opens=java.base/java.util.concurrent=ALL-UNNAMED
17-Sep-2021 21:23:54.651 INFO [main] org.apache.catalina.startup.VersionLoggerListener.log Command line argument: --add-opens=java.rmi/sun.rmi.transport=ALL-UNNAMED
17-Sep-2021 21:23:54.651 INFO [main] org.apache.catalina.startup.VersionLoggerListener.log Command line argument: -Djava.util.logging.config.file=D:\phimmoi\apache-tomcat-9.0.46\conf\logging.properties
17-Sep-2021 21:23:54.653 INFO [main] org.apache.catalina.startup.VersionLoggerListener.log Command line argument: -Djava.util.logging.manager=org.apache.juli.ClassLoaderLogManager
17-Sep-2021 21:23:54.653 INFO [main] org.apache.catalina.startup.VersionLoggerListener.log Command line argument: -Djdk.tls.ephemeralDHKeySize=2048
17-Sep-2021 21:23:54.653 INFO [main] org.apache.catalina.startup.VersionLoggerListener.log Command line argument: -Djava.protocol.handler.pkgs=org.apache.catalina.webresources
17-Sep-2021 21:23:54.654 INFO [main] org.apache.catalina.startup.VersionLoggerListener.log Command line argument: -Dignore.endorsed.dirs=
17-Sep-2021 21:23:54.654 INFO [main] org.apache.catalina.startup.VersionLoggerListener.log Command line argument: -Dcatalina.base=D:\phimmoi\apache-tomcat-9.0.46
17-Sep-2021 21:23:54.655 INFO [main] org.apache.catalina.startup.VersionLoggerListener.log Command line argument: -Dcatalina.home=D:\phimmoi\apache-tomcat-9.0.46
17-Sep-2021 21:23:54.655 INFO [main] org.apache.catalina.startup.VersionLoggerListener.log Command line argument: -Djava.io.tmpdir=D:\phimmoi\apache-tomcat-9.0.46\temp
17-Sep-2021 21:23:54.660 INFO [main] org.apache.catalina.core.AprLifecycleListener.lifecycleEvent The Apache Tomcat Native library which allows using OpenSSL was not found on the java.library.path: [C:\Users\CT030408\.jdks\corretto-11.0.12\bin;C:\Windows\Sun\Java\bin;C:\Windows\system32;C:\Windows;C:\Windows\system32;C:\Windows;C:\Windows\System32\Wbem;C:\Windows\System32\WindowsPowerShell\v1.0\;C:\Windows\System32\OpenSSH\;E:\Applications\Git\Install\Git\cmd;C:\Users\CT030408\.jdks\corretto-11.0.12\bin;C:\Program Files\MySQL\MySQL Shell 8.0\bin\;C:\Users\CT030408\AppData\Local\Microsoft\WindowsApps;;E:\Applications\Intellij\Install\IntelliJ IDEA 2021.1.3\bin;;E:\Applications\Heroku\Install\heroku\bin;E:\Applications\VSCode\Install\Microsoft VS Code\bin;.]
17-Sep-2021 21:23:55.359 INFO [main] org.apache.coyote.AbstractProtocol.init Initializing ProtocolHandler ["http-nio-8080"]
17-Sep-2021 21:23:55.673 INFO [main] org.apache.coyote.AbstractProtocol.init Initializing ProtocolHandler ["https-jsse-nio-8443"]
17-Sep-2021 21:23:56.504 INFO [main] org.apache.catalina.startup.Catalina.load Server initialization in [2260] milliseconds
17-Sep-2021 21:23:56.646 INFO [main] org.apache.catalina.core.StandardService.startInternal Starting service [Catalina]
17-Sep-2021 21:23:56.649 INFO [main] org.apache.catalina.core.StandardEngine.startInternal Starting Servlet engine: [Apache Tomcat/9.0.46]
17-Sep-2021 21:23:56.701 INFO [main] org.apache.catalina.startup.HostConfig.deployWAR Deploying web application archive [D:\phimmoi\apache-tomcat-9.0.46\webapps\phimmoi.war]
17-Sep-2021 21:23:56.752 INFO [main] org.apache.catalina.startup.ExpandWar.expand An expanded directory [D:\phimmoi\apache-tomcat-9.0.46\webapps\phimmoi] was found with a last modified time that did not match the associated WAR. It will be deleted.
17-Sep-2021 21:23:59.105 INFO [main] org.apache.jasper.servlet.TldScanner.scanJars At least one JAR was scanned for TLDs yet contained no TLDs. Enable debug logging for this logger for a complete list of JARs that were scanned but no TLDs were found in them. Skipping unneeded JARs during scanning can improve startup time and JSP compilation time.
17-Sep-2021 21:23:59.370 WARNING [main] org.apache.catalina.util.SessionIdGeneratorBase.createSecureRandom Creation of SecureRandom instance for session ID generation using [SHA1PRNG] took [194] milliseconds.
17-Sep-2021 21:23:59.397 INFO [main] org.apache.catalina.startup.HostConfig.deployWAR Deployment of web application archive [D:\phimmoi\apache-tomcat-9.0.46\webapps\phimmoi.war] has finished in [2,696] ms
17-Sep-2021 21:23:59.399 INFO [main] org.apache.catalina.startup.HostConfig.deployDirectory Deploying web application directory [D:\phimmoi\apache-tomcat-9.0.46\webapps\docs]
17-Sep-2021 21:23:59.465 INFO [main] org.apache.catalina.startup.HostConfig.deployDirectory Deployment of web application directory [D:\phimmoi\apache-tomcat-9.0.46\webapps\docs] has finished in [66] ms
17-Sep-2021 21:23:59.469 INFO [main] org.apache.catalina.startup.HostConfig.deployDirectory Deploying web application directory [D:\phimmoi\apache-tomcat-9.0.46\webapps\examples]
17-Sep-2021 21:24:00.690 INFO [main] org.apache.catalina.startup.HostConfig.deployDirectory Deployment of web application directory [D:\phimmoi\apache-tomcat-9.0.46\webapps\examples] has finished in [1,221] ms
17-Sep-2021 21:24:00.693 INFO [main] org.apache.catalina.startup.HostConfig.deployDirectory Deploying web application directory [D:\phimmoi\apache-tomcat-9.0.46\webapps\host-manager]
17-Sep-2021 21:24:00.753 INFO [main] org.apache.catalina.startup.HostConfig.deployDirectory Deployment of web application directory [D:\phimmoi\apache-tomcat-9.0.46\webapps\host-manager] has finished in [61] ms
17-Sep-2021 21:24:00.759 INFO [main] org.apache.catalina.startup.HostConfig.deployDirectory Deploying web application directory [D:\phimmoi\apache-tomcat-9.0.46\webapps\manager]
17-Sep-2021 21:24:00.833 INFO [main] org.apache.catalina.startup.HostConfig.deployDirectory Deployment of web application directory [D:\phimmoi\apache-tomcat-9.0.46\webapps\manager] has finished in [75] ms
17-Sep-2021 21:24:00.835 INFO [main] org.apache.catalina.startup.HostConfig.deployDirectory Deploying web application directory [D:\phimmoi\apache-tomcat-9.0.46\webapps\ROOT]
17-Sep-2021 21:24:00.884 INFO [main] org.apache.catalina.startup.HostConfig.deployDirectory Deployment of web application directory [D:\phimmoi\apache-tomcat-9.0.46\webapps\ROOT] has finished in [50] ms
17-Sep-2021 21:24:00.923 INFO [main] org.apache.coyote.AbstractProtocol.start Starting ProtocolHandler ["http-nio-8080"]
17-Sep-2021 21:24:00.941 INFO [main] org.apache.coyote.AbstractProtocol.start Starting ProtocolHandler ["https-jsse-nio-8443"]
17-Sep-2021 21:24:00.947 INFO [main] org.apache.catalina.startup.Catalina.start Server startup in [4437] milliseconds
