03-Sep-2021 20:01:12.305 INFO [main] org.apache.catalina.core.ApplicationContext.log ContextListener: contextInitialized()
03-Sep-2021 20:01:12.305 INFO [main] org.apache.catalina.core.ApplicationContext.log SessionListener: contextInitialized()
03-Sep-2021 20:01:12.308 INFO [main] org.apache.catalina.core.ApplicationContext.log ContextListener: attributeAdded('StockTicker', 'async.Stockticker@4a699efa')
03-Sep-2021 20:13:19.463 INFO [main] org.apache.catalina.core.ApplicationContext.log ContextListener: contextInitialized()
03-Sep-2021 20:13:19.463 INFO [main] org.apache.catalina.core.ApplicationContext.log SessionListener: contextInitialized()
03-Sep-2021 20:13:19.465 INFO [main] org.apache.catalina.core.ApplicationContext.log ContextListener: attributeAdded('StockTicker', 'async.Stockticker@27b337bb')
03-Sep-2021 20:22:01.605 INFO [main] org.apache.catalina.core.ApplicationContext.log ContextListener: contextInitialized()
03-Sep-2021 20:22:01.605 INFO [main] org.apache.catalina.core.ApplicationContext.log SessionListener: contextInitialized()
03-Sep-2021 20:22:01.607 INFO [main] org.apache.catalina.core.ApplicationContext.log ContextListener: attributeAdded('StockTicker', 'async.Stockticker@6a6c7f42')
03-Sep-2021 20:23:37.790 INFO [main] org.apache.catalina.core.ApplicationContext.log ContextListener: contextInitialized()
03-Sep-2021 20:23:37.791 INFO [main] org.apache.catalina.core.ApplicationContext.log SessionListener: contextInitialized()
03-Sep-2021 20:23:37.793 INFO [main] org.apache.catalina.core.ApplicationContext.log ContextListener: attributeAdded('StockTicker', 'async.Stockticker@423a0e1d')
03-Sep-2021 20:24:50.563 INFO [main] org.apache.catalina.core.ApplicationContext.log ContextListener: contextInitialized()
03-Sep-2021 20:24:50.563 INFO [main] org.apache.catalina.core.ApplicationContext.log SessionListener: contextInitialized()
03-Sep-2021 20:24:50.565 INFO [main] org.apache.catalina.core.ApplicationContext.log ContextListener: attributeAdded('StockTicker', 'async.Stockticker@5a515e5d')
03-Sep-2021 20:26:00.623 INFO [main] org.apache.catalina.core.ApplicationContext.log ContextListener: contextInitialized()
03-Sep-2021 20:26:00.624 INFO [main] org.apache.catalina.core.ApplicationContext.log SessionListener: contextInitialized()
03-Sep-2021 20:26:00.627 INFO [main] org.apache.catalina.core.ApplicationContext.log ContextListener: attributeAdded('StockTicker', 'async.Stockticker@32a72c4')
03-Sep-2021 20:41:48.727 INFO [main] org.apache.catalina.core.ApplicationContext.log ContextListener: contextInitialized()
03-Sep-2021 20:41:48.727 INFO [main] org.apache.catalina.core.ApplicationContext.log SessionListener: contextInitialized()
03-Sep-2021 20:41:48.731 INFO [main] org.apache.catalina.core.ApplicationContext.log ContextListener: attributeAdded('StockTicker', 'async.Stockticker@5e002356')
03-Sep-2021 20:41:49.300 INFO [main] org.apache.catalina.core.ApplicationContext.log SessionListener: contextDestroyed()
03-Sep-2021 20:41:49.300 INFO [main] org.apache.catalina.core.ApplicationContext.log ContextListener: contextDestroyed()
03-Sep-2021 20:42:08.744 INFO [main] org.apache.catalina.core.ApplicationContext.log ContextListener: contextInitialized()
03-Sep-2021 20:42:08.744 INFO [main] org.apache.catalina.core.ApplicationContext.log SessionListener: contextInitialized()
03-Sep-2021 20:42:08.747 INFO [main] org.apache.catalina.core.ApplicationContext.log ContextListener: attributeAdded('StockTicker', 'async.Stockticker@15986dd5')
03-Sep-2021 21:02:29.035 INFO [main] org.apache.catalina.core.ApplicationContext.log ContextListener: contextInitialized()
03-Sep-2021 21:02:29.035 INFO [main] org.apache.catalina.core.ApplicationContext.log SessionListener: contextInitialized()
03-Sep-2021 21:02:29.038 INFO [main] org.apache.catalina.core.ApplicationContext.log ContextListener: attributeAdded('StockTicker', 'async.Stockticker@7f3fc42f')
03-Sep-2021 21:59:06.830 INFO [main] org.apache.catalina.core.ApplicationContext.log ContextListener: contextInitialized()
03-Sep-2021 21:59:06.831 INFO [main] org.apache.catalina.core.ApplicationContext.log SessionListener: contextInitialized()
03-Sep-2021 21:59:06.835 INFO [main] org.apache.catalina.core.ApplicationContext.log ContextListener: attributeAdded('StockTicker', 'async.Stockticker@22d8f4ed')
